['2024-04-10 00:21:15'] {task_7.py: 29} INFO
['2024-04-10 00:21:17'] {task_7.py: 29} INFO
['2024-04-10 00:37:04'] {task_7.py: 29} INFO
['2024-04-10 00:37:05'] {task_7.py: 29} INFO
[2024-04-10 00:45:14] {task_7.py: 30} INFO
[2024-04-10 00:45:22] {task_7.py: 30} INFO
[2024-04-10 00:56:39] {task_7.py: 31} INFO
[2024-04-10 00:56:41] {task_7.py: 31} INFO
[2024-04-10 01:16:45] {task_7.py: 34} INFO
[2024-04-10 01:30:06] {task_7.py: 34} INFO
[2024-04-10 01:31:48] {task_7.py: 34} INFO
[2024-04-10 01:34:39] {task_7.py: 38} INFO
[2024-04-10 01:34:46] {task_7.py: 38} INFO
[2024-04-10 01:35:27] {task_7.py: 38} INFO | 0.566199779510498 |
[2024-04-10 01:37:06] {task_7.py: 38} INFO | 0.566199779510498 |
[2024-04-10 01:37:20] {task_7.py: 38} INFO | 0.566199779510498 |
[2024-04-10 01:37:23] {task_7.py: 38} INFO | 0.566199779510498 |
[2024-04-10 01:37:55] {task_7.py: 38} INFO | 0.566199779510498 |
[2024-04-10 01:37:59] {task_7.py: 38} INFO | 0.566199779510498 |
[2024-04-10 01:39:10] {task_7.py: 38} INFO | 0.566199779510498 |
[2024-04-10 01:39:25] {task_7.py: 38} INFO | 0.566199779510498 |
[2024-04-10 01:40:24] {task_7.py: 38} INFO | 0.5318975448608398 |
[2024-04-10 01:40:30] {task_7.py: 38} INFO | 0.5318975448608398 |
[2024-04-10 01:40:41] {task_7.py: 38} INFO | 0.5318975448608398 |
[2024-04-10 01:40:43] {task_7.py: 38} INFO | 0.5318975448608398 |
[2024-04-10 01:41:33] {task_7.py: 38} INFO | 0.5318975448608398 |
[2024-04-10 01:41:35] {task_7.py: 38} INFO | 0.5318975448608398 |
[2024-04-10 01:42:34] {task_7.py: 38} INFO | 0.5318975448608398 |
[2024-04-10 01:42:41] {task_7.py: 38} INFO | 15 |
[2024-04-10 01:43:57] {task_7.py: 38} INFO | 5 |
[2024-04-10 01:44:06] {task_7.py: 38} INFO | 5 |
[2024-04-10 01:44:19] {task_7.py: 38} INFO | 5 |
[2024-04-10 01:46:51] {task_7.py: 39} INFO | 4 |
[2024-04-10 01:46:52] {task_7.py: 39} INFO | 0 |
[2024-04-10 01:47:32] {task_7.py: 42} INFO | 2 |
[2024-04-10 01:47:36] {task_7.py: 42} INFO | 2 |
[2024-04-10 01:47:50] {task_7.py: 42} INFO | 2 |
[2024-04-10 01:47:54] {task_7.py: 42} INFO | 2 |
[2024-04-10 01:49:32] {task_7.py: 42} INFO | 0 |
[2024-04-10 01:49:38] {task_7.py: 42} INFO | 3 |
[2024-04-10 02:19:08] {task_7.py: 42} INFO | 13 | GET
[2024-04-10 02:19:11] {task_7.py: 41} INFO | 0 | GET
[2024-04-10 02:19:38] {task_7.py: 41} INFO | 27 | POST
[2024-04-10 02:19:55] {task_7.py: 41} INFO | 17 | POST
[2024-04-10 02:20:05] {task_7.py: 41} INFO | 9 | POST
[2024-04-10 02:26:16] {task_7.py: 41} INFO | 6 | POST
[2024-04-10 02:31:13] {task_7.py: 47} INFO | 2 | POST | http://127.0.0.1:8000/generate_file | 422
[2024-04-10 02:31:18] {task_7.py: 47} INFO | 5 | POST | http://127.0.0.1:8000/generate_file | 422
[2024-04-10 02:31:26] {task_7.py: 47} INFO | 7 | POST | http://127.0.0.1:8000/generate_file | 422
[2024-04-10 02:31:33] {task_7.py: 47} INFO | 7 | POST | http://127.0.0.1:8000/generate_file | 200
[2024-04-10 02:31:39] {task_7.py: 47} INFO | 5 | GET | http://127.0.0.1:8000/docs | 200
[2024-04-10 02:31:39] {task_7.py: 47} INFO | 0 | GET | http://127.0.0.1:8000/openapi.json | 200
